Wed Oct 30 11:33:01 KST 2019
jam2in-m001 10 10 Totals 86661.25 0.00 0.00 1.16700 4582.32

Wed Oct 30 11:36:06 KST 2019
jam2in-m001 10 20 Totals 88068.57 0.00 0.00 2.29200 4656.74

Wed Oct 30 11:39:11 KST 2019
jam2in-m001 10 30 Totals 87582.25 0.00 0.00 3.45000 4631.02

Wed Oct 30 11:42:14 KST 2019
jam2in-m001 10 40 Totals 89635.93 0.00 0.00 4.53900 4739.61

Wed Oct 30 11:45:17 KST 2019
jam2in-m001 10 50 Totals 89153.84 0.00 0.00 5.68200 4714.12

Wed Oct 30 11:48:23 KST 2019
jam2in-m001 10 60 Totals 86983.54 0.00 0.00 6.96700 4599.37

Wed Oct 30 11:51:28 KST 2019
jam2in-m001 10 70 Totals 88419.17 0.00 0.00 8.12800 4675.28

Wed Oct 30 11:54:37 KST 2019
jam2in-m001 10 80 Totals 85704.40 0.00 0.00 9.43400 4531.73

Wed Oct 30 11:57:45 KST 2019
jam2in-m001 10 90 Totals 86569.84 0.00 0.00 10.60400 4577.49

Wed Oct 30 12:00:51 KST 2019
jam2in-m001 10 100 Totals 87420.19 0.00 0.00 11.62000 4622.45

Wed Oct 30 12:03:58 KST 2019
jam2in-m001 20 10 Totals 87027.67 0.00 0.00 2.30900 4601.70

Wed Oct 30 12:07:02 KST 2019
jam2in-m001 20 20 Totals 86652.14 0.00 0.00 4.59600 4581.84

Wed Oct 30 12:10:05 KST 2019
jam2in-m001 20 30 Totals 89313.72 0.00 0.00 6.79700 4722.58

Wed Oct 30 12:13:09 KST 2019
jam2in-m001 20 40 Totals 88926.99 0.00 0.00 9.20600 4702.13

Wed Oct 30 12:16:15 KST 2019
jam2in-m001 20 50 Totals 86752.64 0.00 0.00 11.61900 4587.16

Wed Oct 30 12:19:18 KST 2019
jam2in-m001 20 60 Totals 88859.82 0.00 0.00 13.65300 4698.58

Wed Oct 30 12:22:24 KST 2019
jam2in-m001 20 70 Totals 87415.09 0.00 0.00 16.17800 4622.19

Wed Oct 30 12:25:30 KST 2019
jam2in-m001 20 80 Totals 86628.31 0.00 0.00 18.60500 4580.58

Wed Oct 30 12:28:37 KST 2019
jam2in-m001 20 90 Totals 86392.77 0.00 0.00 21.04800 4568.13

Wed Oct 30 12:31:45 KST 2019
jam2in-m001 20 100 Totals 86195.12 0.00 0.00 23.46100 4557.68

Wed Oct 30 12:34:49 KST 2019
jam2in-m001 30 10 Totals 87702.63 0.00 0.00 3.45300 4637.39

Wed Oct 30 12:37:53 KST 2019
jam2in-m001 30 20 Totals 88515.87 0.00 0.00 6.90300 4680.39

Wed Oct 30 12:40:57 KST 2019
jam2in-m001 30 30 Totals 89412.69 0.00 0.00 10.28900 4727.81

Wed Oct 30 12:44:02 KST 2019
jam2in-m001 30 40 Totals 86680.57 0.00 0.00 13.89300 4583.35

Wed Oct 30 12:47:09 KST 2019
jam2in-m001 30 50 Totals 86356.67 0.00 0.00 17.56000 4566.22

Wed Oct 30 12:50:16 KST 2019
jam2in-m001 30 60 Totals 85099.04 0.00 0.00 21.11500 4499.73

Wed Oct 30 12:53:24 KST 2019
jam2in-m001 30 70 Totals 85482.30 0.00 0.00 24.87100 4519.99

Wed Oct 30 12:56:32 KST 2019
jam2in-m001 30 80 Totals 85968.12 0.00 0.00 28.20000 4545.68

Wed Oct 30 12:59:40 KST 2019
jam2in-m001 30 90 Totals 85328.03 0.00 0.00 31.83700 4511.83

Wed Oct 30 13:02:49 KST 2019
jam2in-m001 30 100 Totals 85337.32 0.00 0.00 35.58800 4512.33

Wed Oct 30 13:05:56 KST 2019
jam2in-m001 40 10 Totals 86406.84 0.00 0.00 4.64600 4568.87

Wed Oct 30 13:09:00 KST 2019
jam2in-m001 40 20 Totals 87793.72 0.00 0.00 9.19800 4642.20

Wed Oct 30 13:12:06 KST 2019
jam2in-m001 40 30 Totals 86930.95 0.00 0.00 13.92100 4596.59

Wed Oct 30 13:15:11 KST 2019
jam2in-m001 40 40 Totals 86651.41 0.00 0.00 18.58100 4581.80

Wed Oct 30 13:18:20 KST 2019
jam2in-m001 40 50 Totals 85944.78 0.00 0.00 23.65800 4544.44

Wed Oct 30 13:21:29 KST 2019
jam2in-m001 40 60 Totals 85232.83 0.00 0.00 28.35000 4506.80

Wed Oct 30 13:24:38 KST 2019
jam2in-m001 40 70 Totals 84713.39 0.00 0.00 33.33900 4479.33

Wed Oct 30 13:27:52 KST 2019
jam2in-m001 40 80 Totals 82047.66 0.00 0.00 39.22800 4338.38

Wed Oct 30 13:31:13 KST 2019
jam2in-m001 40 90 Totals 79141.60 0.00 0.00 45.70800 4184.73

Wed Oct 30 13:34:37 KST 2019
jam2in-m001 40 100 Totals 76899.95 0.00 0.00 52.34300 4066.18

Wed Oct 30 15:35:38 KST 2019
jam2in-m001 50 10

Wed Oct 30 15:38:40 KST 2019
jam2in-m001 50 10 Totals 86305.06 0.00 0.00 5.80600 4563.49

Wed Oct 30 15:41:47 KST 2019
jam2in-m001 50 20 Totals 85987.12 0.00 0.00 11.70400 4546.68

Wed Oct 30 15:44:54 KST 2019
jam2in-m001 50 30 Totals 85688.56 0.00 0.00 17.56400 4530.89

Wed Oct 30 15:48:01 KST 2019
jam2in-m001 50 40 Totals 85494.07 0.00 0.00 23.58200 4520.61

Wed Oct 30 15:51:08 KST 2019
jam2in-m001 50 50 Totals 85967.93 0.00 0.00 29.34800 4545.66

Wed Oct 30 15:54:19 KST 2019
jam2in-m001 50 60 Totals 83248.84 0.00 0.00 36.23500 4401.90

Wed Oct 30 15:57:35 KST 2019
jam2in-m001 50 70 Totals 81697.52 0.00 0.00 43.24400 4319.87

Wed Oct 30 16:00:59 KST 2019
jam2in-m001 50 80 Totals 76941.20 0.00 0.00 52.25600 4068.36

Wed Oct 30 16:04:24 KST 2019
jam2in-m001 50 90 Totals 77225.46 0.00 0.00 58.74300 4083.40

Wed Oct 30 16:07:52 KST 2019
jam2in-m001 50 100 Totals 76197.01 0.00 0.00 66.46600 4029.01

Wed Oct 30 16:10:53 KST 2019
jam2in-m001 60 10 Totals 89465.33 0.00 0.00 6.74000 4730.59

Wed Oct 30 16:13:55 KST 2019
jam2in-m001 60 20 Totals 89170.77 0.00 0.00 13.56100 4715.02

Wed Oct 30 16:16:59 KST 2019
jam2in-m001 60 30 Totals 88281.32 0.00 0.00 20.66500 4667.99

Wed Oct 30 16:20:05 KST 2019
jam2in-m001 60 40 Totals 87077.92 0.00 0.00 27.87900 4604.36

Wed Oct 30 16:23:16 KST 2019
jam2in-m001 60 50 Totals 83112.97 0.00 0.00 36.26400 4394.71

Wed Oct 30 16:26:39 KST 2019
jam2in-m001 60 60 Totals 77306.27 0.00 0.00 46.54800 4087.68

Wed Oct 30 16:30:05 KST 2019
jam2in-m001 60 70 Totals 75197.95 0.00 0.00 55.69900 3976.20

Wed Oct 30 16:33:36 KST 2019
jam2in-m001 60 80 Totals 73665.75 0.00 0.00 65.12600 3895.19

Wed Oct 30 16:37:06 KST 2019
jam2in-m001 60 90 Totals 74771.26 0.00 0.00 72.58200 3953.64

Wed Oct 30 16:40:39 KST 2019
jam2in-m001 60 100 Totals 73947.10 0.00 0.00 81.84200 3910.06

Wed Oct 30 16:43:41 KST 2019
jam2in-m001 70 10 Totals 89058.37 0.00 0.00 7.97200 4709.08

Wed Oct 30 16:46:45 KST 2019
jam2in-m001 70 20 Totals 87541.42 0.00 0.00 16.02100 4628.87

Wed Oct 30 16:49:51 KST 2019
jam2in-m001 70 30 Totals 86637.57 0.00 0.00 24.36800 4581.08

Wed Oct 30 16:52:58 KST 2019
jam2in-m001 70 40 Totals 86017.76 0.00 0.00 32.80600 4548.30

Wed Oct 30 16:56:12 KST 2019
jam2in-m001 70 50 Totals 81290.34 0.00 0.00 42.98000 4298.34

Wed Oct 30 16:59:38 KST 2019
jam2in-m001 70 60 Totals 79375.63 0.00 0.00 55.51300 4197.10

Wed Oct 30 17:03:07 KST 2019
jam2in-m001 70 70 Totals 75035.09 0.00 0.00 65.69800 3967.60

Wed Oct 30 17:06:37 KST 2019
jam2in-m001 70 80 Totals 74989.56 0.00 0.00 75.35200 3965.18

Wed Oct 30 17:10:08 KST 2019
jam2in-m001 70 90 Totals 74170.34 0.00 0.00 85.30600 3921.87

Wed Oct 30 17:13:38 KST 2019
jam2in-m001 70 100 Totals 74815.52 0.00 0.00 93.81100 3955.99

Wed Oct 30 17:16:43 KST 2019
jam2in-m001 80 10 Totals 87327.18 0.00 0.00 9.22700 4617.54

Wed Oct 30 17:19:47 KST 2019
jam2in-m001 80 20 Totals 88806.18 0.00 0.00 18.34000 4695.74

Wed Oct 30 17:22:54 KST 2019
jam2in-m001 80 30 Totals 85716.14 0.00 0.00 28.12200 4532.35

Wed Oct 30 17:26:05 KST 2019
jam2in-m001 80 40 Totals 84591.20 0.00 0.00 38.62600 4472.88

Wed Oct 30 17:29:26 KST 2019
jam2in-m001 80 50 Totals 78076.32 0.00 0.00 51.42500 4128.38

Wed Oct 30 17:32:55 KST 2019
jam2in-m001 80 60 Totals 74615.29 0.00 0.00 64.36100 3945.39

Wed Oct 30 17:36:22 KST 2019
jam2in-m001 80 70 Totals 75432.00 0.00 0.00 74.27100 3988.58

Wed Oct 30 17:39:49 KST 2019
jam2in-m001 80 80 Totals 75495.47 0.00 0.00 84.92000 3991.94

Wed Oct 30 17:43:17 KST 2019
jam2in-m001 80 90 Totals 75068.86 0.00 0.00 95.69700 3969.38

Wed Oct 30 17:46:46 KST 2019
jam2in-m001 80 100 Totals 74519.27 0.00 0.00 107.45000 3940.30

Wed Oct 30 17:49:52 KST 2019
jam2in-m001 90 10 Totals 86572.05 0.00 0.00 10.42900 4577.61

Wed Oct 30 17:52:58 KST 2019
jam2in-m001 90 20 Totals 87435.42 0.00 0.00 20.88400 4623.27

Wed Oct 30 17:56:04 KST 2019
jam2in-m001 90 30 Totals 87246.81 0.00 0.00 31.40800 4613.29

Wed Oct 30 17:59:22 KST 2019
jam2in-m001 90 40 Totals 79791.89 0.00 0.00 45.31100 4219.11

Wed Oct 30 18:02:51 KST 2019
jam2in-m001 90 50 Totals 75342.40 0.00 0.00 60.40600 3983.83

Wed Oct 30 18:06:15 KST 2019
jam2in-m001 90 60 Totals 78441.25 0.00 0.00 69.76300 4147.70

Wed Oct 30 18:09:45 KST 2019
jam2in-m001 90 70 Totals 73971.56 0.00 0.00 84.89500 3911.36

Wed Oct 30 18:13:15 KST 2019
jam2in-m001 90 80 Totals 74861.89 0.00 0.00 96.90200 3958.43

Wed Oct 30 18:16:44 KST 2019
jam2in-m001 90 90 Totals 75007.03 0.00 0.00 108.25800 3966.09

Wed Oct 30 18:20:13 KST 2019
jam2in-m001 90 100 Totals 74533.33 0.00 0.00 120.03600 3941.07

Wed Oct 30 18:23:17 KST 2019
jam2in-m001 100 10 Totals 87894.55 0.00 0.00 11.51600 4647.54

Wed Oct 30 18:26:21 KST 2019
jam2in-m001 100 20 Totals 87609.77 0.00 0.00 22.90400 4632.48

Wed Oct 30 18:29:27 KST 2019
jam2in-m001 100 30 Totals 86329.82 0.00 0.00 34.88100 4564.81

Wed Oct 30 18:32:50 KST 2019
jam2in-m001 100 40 Totals 78097.36 0.00 0.00 51.46500 4129.50

Wed Oct 30 18:36:14 KST 2019
jam2in-m001 100 50 Totals 77413.16 0.00 0.00 65.16300 4093.32

Wed Oct 30 18:39:43 KST 2019
jam2in-m001 100 60 Totals 75044.37 0.00 0.00 80.22700 3968.08

Wed Oct 30 18:43:10 KST 2019
jam2in-m001 100 70 Totals 75620.38 0.00 0.00 92.36800 3998.55

Wed Oct 30 18:46:38 KST 2019
jam2in-m001 100 80 Totals 75376.75 0.00 0.00 106.09900 3985.64

Wed Oct 30 18:50:06 KST 2019
jam2in-m001 100 90 Totals 76546.26 0.00 0.00 118.66900 4047.51

Wed Oct 30 18:53:37 KST 2019
jam2in-m001 100 100 Totals 73936.76 0.00 0.00 135.06600 3909.50

Wed Oct 30 19:42:13 KST 2019
jam2in-m001 50 10 Totals 88708.54 0.00 0.00 5.61800 4690.58

Wed Oct 30 19:45:16 KST 2019
jam2in-m001 50 20 Totals 88889.21 0.00 0.00 11.35000 4700.13

Wed Oct 30 19:46:21 KST 2019
jam2in-m001 50 30

Wed Oct 30 19:50:41 KST 2019
jam2in-m001 10 10 Totals 85309.37 0.00 0.00 1.17100 4510.84

Wed Oct 30 19:53:44 KST 2019
jam2in-m001 10 20 Totals 89563.42 0.00 0.00 2.26900 4735.78

Wed Oct 30 19:56:46 KST 2019
jam2in-m001 10 30 Totals 89160.49 0.00 0.00 3.40600 4714.48

Wed Oct 30 19:59:49 KST 2019
jam2in-m001 10 40 Totals 89323.94 0.00 0.00 4.56000 4723.12

Wed Oct 30 20:02:52 KST 2019
jam2in-m001 10 50 Totals 88959.79 0.00 0.00 5.70800 4703.86

Wed Oct 30 20:05:54 KST 2019
jam2in-m001 10 60 Totals 89144.15 0.00 0.00 6.82000 4713.61

Wed Oct 30 20:09:00 KST 2019
jam2in-m001 10 70 Totals 87565.92 0.00 0.00 8.09900 4630.16

Wed Oct 30 20:12:02 KST 2019
jam2in-m001 10 80 Totals 89017.41 0.00 0.00 9.09000 4706.91

Wed Oct 30 20:15:05 KST 2019
jam2in-m001 10 90 Totals 89291.44 0.00 0.00 10.28100 4721.40

Wed Oct 30 20:18:10 KST 2019
jam2in-m001 10 100 Totals 88942.49 0.00 0.00 11.56800 4702.95

Wed Oct 30 20:21:15 KST 2019
jam2in-m001 20 10 Totals 87956.91 0.00 0.00 2.29300 4650.83

Wed Oct 30 20:24:20 KST 2019
jam2in-m001 20 20 Totals 87526.13 0.00 0.00 4.58200 4628.06

Wed Oct 30 20:27:25 KST 2019
jam2in-m001 20 30 Totals 87197.83 0.00 0.00 6.92600 4610.70

Wed Oct 30 20:30:32 KST 2019
jam2in-m001 20 40 Totals 86257.81 0.00 0.00 9.34300 4560.99

Wed Oct 30 20:33:38 KST 2019
jam2in-m001 20 50 Totals 87691.56 0.00 0.00 11.64600 4636.80

Wed Oct 30 20:36:47 KST 2019
jam2in-m001 20 60 Totals 85108.33 0.00 0.00 14.24600 4500.22

Wed Oct 30 20:39:55 KST 2019
jam2in-m001 20 70 Totals 86001.60 0.00 0.00 16.58200 4547.45

Wed Oct 30 20:43:01 KST 2019
jam2in-m001 20 80 Totals 86925.12 0.00 0.00 18.60700 4596.28

Wed Oct 30 20:46:06 KST 2019
jam2in-m001 20 90 Totals 87875.54 0.00 0.00 20.80000 4646.54

Wed Oct 30 20:49:13 KST 2019
jam2in-m001 20 100 Totals 85980.53 0.00 0.00 23.49400 4546.33

Wed Oct 30 20:52:17 KST 2019
jam2in-m001 30 10 Totals 88223.20 0.00 0.00 3.42800 4664.92

Wed Oct 30 20:55:20 KST 2019
jam2in-m001 30 20 Totals 87705.42 0.00 0.00 6.87800 4637.54

Wed Oct 30 20:58:28 KST 2019
jam2in-m001 30 30 Totals 85683.40 0.00 0.00 10.56100 4530.62

Wed Oct 30 21:01:34 KST 2019
jam2in-m001 30 40 Totals 87077.35 0.00 0.00 14.04600 4604.33

Wed Oct 30 21:04:39 KST 2019
jam2in-m001 30 50 Totals 87431.24 0.00 0.00 17.33600 4623.04

Wed Oct 30 21:07:46 KST 2019
jam2in-m001 30 60 Totals 86171.31 0.00 0.00 21.13000 4556.43

Wed Oct 30 21:10:55 KST 2019
jam2in-m001 30 70 Totals 85381.21 0.00 0.00 24.82200 4514.65

Wed Oct 30 21:14:03 KST 2019
jam2in-m001 30 80 Totals 85889.41 0.00 0.00 28.29000 4541.52

Wed Oct 30 21:17:08 KST 2019
jam2in-m001 30 90 Totals 87527.61 0.00 0.00 31.17300 4628.14

Wed Oct 30 21:20:19 KST 2019
jam2in-m001 30 100 Totals 84177.28 0.00 0.00 36.07500 4450.99

Wed Oct 30 21:23:20 KST 2019
jam2in-m001 40 10 Totals 89303.04 0.00 0.00 4.49000 4722.01

Wed Oct 30 21:26:23 KST 2019
jam2in-m001 40 20 Totals 89476.36 0.00 0.00 9.05800 4731.18

Wed Oct 30 21:29:29 KST 2019
jam2in-m001 40 30 Totals 86678.34 0.00 0.00 13.99500 4583.23

Wed Oct 30 21:32:38 KST 2019
jam2in-m001 40 40 Totals 85900.17 0.00 0.00 18.93800 4542.08

Wed Oct 30 21:35:45 KST 2019
jam2in-m001 40 50 Totals 85744.96 0.00 0.00 23.35500 4533.87

Wed Oct 30 21:38:53 KST 2019
jam2in-m001 40 60 Totals 86174.68 0.00 0.00 28.22800 4556.60

Wed Oct 30 21:42:03 KST 2019
jam2in-m001 40 70 Totals 84476.64 0.00 0.00 33.38100 4466.81

Wed Oct 30 21:45:17 KST 2019
jam2in-m001 40 80 Totals 82354.43 0.00 0.00 39.03900 4354.60

Wed Oct 30 21:48:34 KST 2019
jam2in-m001 40 90 Totals 80944.68 0.00 0.00 44.90600 4280.07

Wed Oct 30 21:51:56 KST 2019
jam2in-m001 40 100 Totals 78182.37 0.00 0.00 51.40500 4133.99

Wed Oct 30 21:54:57 KST 2019
jam2in-m001 50 10 Totals 90207.92 0.00 0.00 5.61700 4769.86

Wed Oct 30 21:57:58 KST 2019
jam2in-m001 50 20 Totals 89192.52 0.00 0.00 11.28400 4716.17

Wed Oct 30 22:01:02 KST 2019
jam2in-m001 50 30 Totals 87682.38 0.00 0.00 17.20300 4636.32

Wed Oct 30 22:04:09 KST 2019
jam2in-m001 50 40 Totals 86354.76 0.00 0.00 23.44900 4566.12

Wed Oct 30 22:07:18 KST 2019
jam2in-m001 50 50 Totals 84520.87 0.00 0.00 29.73500 4469.15

Wed Oct 30 22:10:26 KST 2019
jam2in-m001 50 60 Totals 85699.10 0.00 0.00 35.35700 4531.46

Wed Oct 30 22:13:44 KST 2019
jam2in-m001 50 70 Totals 80469.46 0.00 0.00 44.05500 4254.94

Wed Oct 30 22:17:06 KST 2019
jam2in-m001 50 80 Totals 77747.97 0.00 0.00 51.38700 4111.02

Wed Oct 30 22:20:32 KST 2019
jam2in-m001 50 90 Totals 75707.24 0.00 0.00 59.69000 4003.12

Wed Oct 30 22:23:59 KST 2019
jam2in-m001 50 100 Totals 75488.90 0.00 0.00 66.12900 3991.57
Thu Oct 31 00:20:10 KST 2019
jam2in-m001 60 10 Totals 81813.64 0.00 0.00 7.32200 4326.00

Thu Oct 31 00:23:18 KST 2019
jam2in-m001 60 20 Totals 84656.05 0.00 0.00 14.08400 4476.30

Thu Oct 31 00:26:26 KST 2019
jam2in-m001 60 30 Totals 85602.54 0.00 0.00 21.13200 4526.35

Thu Oct 31 00:29:32 KST 2019
jam2in-m001 60 40 Totals 85980.09 0.00 0.00 28.00900 4546.31

Thu Oct 31 00:32:41 KST 2019
jam2in-m001 60 50 Totals 84284.37 0.00 0.00 35.60200 4456.65

Thu Oct 31 00:36:01 KST 2019
jam2in-m001 60 60 Totals 79195.79 0.00 0.00 45.61100 4187.59

Thu Oct 31 20:11:31 KST 2019
jam2in-m001 10 10 Totals 63526.49 0.00 0.00 1.57900 3359.04

Thu Oct 31 20:14:35 KST 2019
jam2in-m001 10 20 Totals 92145.75 0.00 0.00 2.25700 4872.32

Thu Oct 31 20:17:41 KST 2019
jam2in-m001 10 30 Totals 86697.25 0.00 0.00 3.49100 4584.23

Thu Oct 31 20:20:46 KST 2019
jam2in-m001 10 40 Totals 89345.79 0.00 0.00 4.59200 4724.27

Thu Oct 31 20:23:50 KST 2019
jam2in-m001 10 50 Totals 88924.73 0.00 0.00 5.73000 4702.01

Thu Oct 31 20:26:53 KST 2019
jam2in-m001 20 10 Totals 88423.52 0.00 0.00 2.26100 4675.51

Thu Oct 31 20:29:55 KST 2019
jam2in-m001 20 20 Totals 89308.93 0.00 0.00 4.51500 4722.32

Thu Oct 31 20:32:58 KST 2019
jam2in-m001 20 30 Totals 88800.98 0.00 0.00 6.79300 4695.47

Thu Oct 31 20:36:01 KST 2019
jam2in-m001 20 40 Totals 87882.00 0.00 0.00 9.16300 4646.87

Thu Oct 31 20:39:08 KST 2019
jam2in-m001 20 50 Totals 87571.17 0.00 0.00 11.63100 4630.44

Thu Oct 31 20:42:11 KST 2019
jam2in-m001 30 10 Totals 86610.74 0.00 0.00 3.42000 4579.65

Thu Oct 31 20:45:15 KST 2019
jam2in-m001 30 20 Totals 87337.47 0.00 0.00 6.88900 4618.08

Thu Oct 31 20:48:20 KST 2019
jam2in-m001 30 30 Totals 88770.68 0.00 0.00 10.30900 4693.87

Thu Oct 31 20:51:24 KST 2019
jam2in-m001 30 40 Totals 87910.62 0.00 0.00 13.82300 4648.39

Thu Oct 31 20:54:28 KST 2019
jam2in-m001 30 50 Totals 87641.49 0.00 0.00 17.16000 4634.16

Thu Oct 31 20:57:32 KST 2019
jam2in-m001 40 10 Totals 89251.41 0.00 0.00 4.57700 4719.28

Thu Oct 31 21:00:36 KST 2019
jam2in-m001 40 20 Totals 88220.02 0.00 0.00 9.09800 4664.75

Thu Oct 31 21:03:42 KST 2019
jam2in-m001 40 30 Totals 86173.77 0.00 0.00 14.04800 4556.55

Thu Oct 31 21:06:48 KST 2019
jam2in-m001 40 40 Totals 87650.54 0.00 0.00 18.58600 4634.63

Thu Oct 31 21:09:57 KST 2019
jam2in-m001 40 50 Totals 84725.85 0.00 0.00 23.66300 4479.99

Thu Oct 31 21:13:01 KST 2019
jam2in-m001 50 10 Totals 86775.14 0.00 0.00 5.77100 4588.35

Thu Oct 31 21:16:07 KST 2019
jam2in-m001 50 20 Totals 86365.80 0.00 0.00 11.54700 4566.70

Thu Oct 31 21:19:12 KST 2019
jam2in-m001 50 30 Totals 86760.99 0.00 0.00 17.43800 4587.60

Thu Oct 31 21:22:18 KST 2019
jam2in-m001 50 40 Totals 86508.29 0.00 0.00 23.32000 4574.24

Thu Oct 31 21:25:29 KST 2019
jam2in-m001 50 50 Totals 83627.49 0.00 0.00 29.91200 4421.91

Thu Oct 31 23:30:31 KST 2019
jam2in-m001 10 20 Totals 87761.59 0.00 0.00 2.31200 4640.51

Thu Oct 31 23:33:15 KST 2019
jam2in-m001 10 40 Totals 87809.31 0.00 0.00 4.57400 4643.03

Thu Oct 31 23:35:58 KST 2019
jam2in-m001 50 10 Totals 87419.00 0.00 0.00 5.69100 4622.39

